0 info it worked if it ends with ok
1 verbose cli [ 'C:\\Program Files\\nodejs\\node.exe',
1 verbose cli   'C:\\Program Files\\nodejs\\node_modules\\npm\\bin\\npm-cli.js',
1 verbose cli   'run',
1 verbose cli   'dev' ]
2 info using npm@3.10.10
3 info using node@v6.11.2
4 verbose run-script [ 'predev', 'dev', 'postdev' ]
5 info lifecycle death-clock@1.0.0~predev: death-clock@1.0.0
6 silly lifecycle death-clock@1.0.0~predev: no script for predev, continuing
7 info lifecycle death-clock@1.0.0~dev: death-clock@1.0.0
8 verbose lifecycle death-clock@1.0.0~dev: unsafe-perm in lifecycle true
9 verbose lifecycle death-clock@1.0.0~dev: PATH: C:\Program Files\nodejs\node_modules\npm\bin\node-gyp-bin;D:\zasoby\pk\ang_ap\TypeScript-Test\node_modules\.bin;C:\Program Files\Common Files\Siemens\Automation\Simatic OAM\bin;C:\ProgramData\Oracle\Java\javapath;C:\Program Files (x86)\Common Files\Siemens\ACE\Bin;C:\Program Files (x86)\Common Files\Siemens\Sqlany;C:\Program Files (x86)\Siemens\Step7\S7bin;C:\Program Files (x86)\Intel\iCLS Client\;C:\Program Files\Intel\iCLS Client\;C:\windows\system32;C:\windows;C:\windows\System32\Wbem;C:\windows\System32\WindowsPowerShell\v1.0\;C:\Program Files\Intel\Intel(R) Management Engine Components\DAL;C:\Program Files\Intel\Intel(R) Management Engine Components\IPT;C:\Program Files (x86)\Intel\Intel(R) Management Engine Components\DAL;C:\Program Files (x86)\Intel\Intel(R) Management Engine Components\IPT;C:\Program Files (x86)\PKWARE\pkzipc;C:\Program Files (x86)\Microsoft SQL Server\90\Tools\binn\;C:\Program Files (x86)\Microsoft SQL Server\100\Tools\Binn\;C:\Program Files (x86)\Microsoft SQL Server\100\DTS\Binn\;C:\Program Files\nodejs\;;C:\Program Files (x86)\Microsoft VS Code\bin;C:\Users\warsztat\AppData\Roaming\npm
10 verbose lifecycle death-clock@1.0.0~dev: CWD: D:\zasoby\pk\ang_ap\TypeScript-Test
11 silly lifecycle death-clock@1.0.0~dev: Args: [ '/d /s /c', 'concurrently "npm run tsc" "npm run demon" ' ]
12 verbose stack Error: kill ENOSYS
12 verbose stack     at exports._errnoException (util.js:1020:11)
12 verbose stack     at process.kill (internal/process.js:190:13)
12 verbose stack     at process.listener (C:\Program Files\nodejs\node_modules\npm\node_modules\npmlog\node_modules\gauge\node_modules\signal-exit\index.js:86:15)
12 verbose stack     at emitNone (events.js:91:20)
12 verbose stack     at process.emit (events.js:185:7)
12 verbose stack     at processEmit (C:\Program Files\nodejs\node_modules\npm\node_modules\npmlog\node_modules\gauge\node_modules\signal-exit\index.js:146:32)
12 verbose stack     at processEmit (C:\Program Files\nodejs\node_modules\npm\node_modules\npm-registry-client\node_modules\npmlog\node_modules\gauge\node_modules\signal-exit\index.js:146:32)
12 verbose stack     at Signal.wrap.onsignal (internal/process.js:217:44)
13 verbose cwd D:\zasoby\pk\ang_ap\TypeScript-Test
14 error Windows_NT 6.1.7601
15 error argv "C:\\Program Files\\nodejs\\node.exe" "C:\\Program Files\\nodejs\\node_modules\\npm\\bin\\npm-cli.js" "run" "dev"
16 error node v6.11.2
17 error npm  v3.10.10
18 error code ENOSYS
19 error errno ENOSYS
20 error syscall kill
21 error kill ENOSYS
22 error If you need help, you may report this error at:
22 error     <https://github.com/npm/npm/issues>
23 verbose exit [ 1, true ]
